###############################################################
#  Generated by:      Cadence Innovus 21.19-s058_1
#  OS:                Linux x86_64(Host ID SoC)
#  Generated on:      Tue Jun 17 18:23:20 2025
#  Design:            mhsa_acc_wrapper
#  Command:           verifyConnectivity -noAntenna -type special -error 1000 -warning 50
###############################################################
Verify Connectivity Report is created on Tue Jun 17 18:23:20 2025



Net VDD, Pin Pin: bar0/VDD; Direction: INPUT; Use: POWER;: has an unconnected terminal at (725.610, 821.455) (1061.815, 821.785)
Net VDD, Pin Pin: bar1/VDD; Direction: INPUT; Use: POWER;: has an unconnected terminal at (1066.610, 275.605) (1402.815, 275.935)
Net VDD, Pin Pin: bar2/VDD; Direction: INPUT; Use: POWER;: has an unconnected terminal at (718.000, 429.332) (1054.205, 429.663)
Net VDD, Pin Pin: bar3/VDD; Direction: INPUT; Use: POWER;: has an unconnected terminal at (1064.312, 596.640) (1400.517, 596.970)
Net VSS, Pin Pin: bar0/VSS; Direction: INPUT; Use: GROUND;: has an unconnected terminal at (725.610, 822.865) (1061.815, 823.245)
Net VSS, Pin Pin: bar1/VSS; Direction: INPUT; Use: GROUND;: has an unconnected terminal at (1066.610, 277.015) (1402.815, 277.395)
Net VSS, Pin Pin: bar2/VSS; Direction: INPUT; Use: GROUND;: has an unconnected terminal at (718.000, 430.743) (1054.205, 431.123)
Net VSS, Pin Pin: bar3/VSS; Direction: INPUT; Use: GROUND;: has an unconnected terminal at (1064.312, 598.050) (1400.517, 598.430)

Begin Summary
    8 Problem(s) (IMPVFC-96): Terminal(s) are not connected.
    8 total info(s) created.
End Summary
